
ROM used:   4848/33788 (14%)
            4848/33788 (14%) including unused fragments

            1.1 Average locations per line
            5.5 Average locations per statement

RAM used:   252/8192 (3%) at main() level
            298/8192 (4%) worst case

Stack size: 128

Lines Stmts  %   Files
----- ----- ---  -----
    3     0   0  $linker.c
  454   194  22  CONTROL_PID.c
   86     0   0  CONTROL_PID.h
  107     0   0  CONFIG_PIC24.H
  862     0   0  ..\..\..\..\..\Program Files (x86)\PICC\devices\24FJ48GA002.H
 1351   524  59  ..\..\..\..\..\Program Files (x86)\PICC\drivers\stdlib.h
   32     0   0  ..\..\..\..\..\Program Files (x86)\PICC\drivers\stddef.h
  423     0   0  ..\..\..\..\..\Program Files (x86)\PICC\drivers\string.h
   28     0   0  ..\..\..\..\..\Program Files (x86)\PICC\drivers\ctype.h
   37     0   0  ..\..\..\..\..\Program Files (x86)\PICC\drivers\stdio.h
  326   134  15  ..\..\..\..\..\Program Files (x86)\PICC\drivers\stdlibm.h
   76    13   1  ..\..\..\..\..\Program Files (x86)\PICC\drivers\memmgmt.c
  163     0   0  ..\..\..\..\..\Program Files (x86)\PICC\drivers\stdint.h
   32     0   0  BL_support.h
   37     0   0  CDATPIC24.H
  144     0   0  BITWISE_LIB.h
  154    24   3  BITWISE_LIB.c
----- -----
 4315   889 Total

Page ROM  %  RAM   Vol Diff  Functions:
---- --- --- ---   --- ----  ----------
0    196   2    8             @MULFF
0     74   1    2             @SITOF
0    426   4    8             @ADDFF
0    202   2    8             @DIVFF
0    272   3    0             @MULFF64
0    100   1    0             @SI64TOF64
0    264   3    8             @DIVFF64
0    120   1    6  1197  3.5  drive_motor
0    628   6   15  1439  5.9  control_position
0     44   0    4             @SFTOI
0    104   1    8             @FLT
0    238   2    0    84  1.9  main
0    184   2    3  1684  4.4  HardwareInit
0     76   1    0   154  3.5  Home
0     36   0    0    45  1.4  Initial_X_axis
0     36   0    0    45  1.4  Initial_Y_axis
0     68   1    3   169  5.1  Encoder1_A
0     70   1    3   183  5.6  Encoder1_B
0     84   1    3   235  5.8  Encoder2_A
0     84   1    3   235  5.8  Encoder2_B
0    344   4    9   406  3.6  Run_Motor
0     68   1    0             @F64TO48
0     32   0    0             @const1253
0    246   3    0             @PRINTFD16_115200_5725_5724
0    344   4    9   414  4.0  Run_Motor2
 Inline         0             @cinit1

Program metrics:
    Functions               13
    Statements              889
    Comments                240
    Volume (V)              9588
    Difficulty (D)          53.6
    Effort to implement (E) 513946
    Time to implement (T)   7 hours, 56 minutes
    Est Delivered Bugs (B)  2
    Cyclomatic Complexity   22
    Maintainability (MI)    86

 Segment     Used  Free
-----------  ----  ----
00000-00BFE     0  3072  
00C00-00C02     4  0  
00C04-00DFA   504  0  
00DFC-083FA  4340  25868  



